<?xml version="1.0" encoding="UTF-8"?>
<testng-results ignored="0" total="1" passed="1" failed="0" skipped="0">
  <reporter-output>
  </reporter-output>
  <suite started-at="2025-02-05T14:26:35 IST" name="Default suite" finished-at="2025-02-05T14:26:35 IST" duration-ms="380">
    <groups>
    </groups>
    <test started-at="2025-02-05T14:26:35 IST" name="Default test" finished-at="2025-02-05T14:26:35 IST" duration-ms="380">
      <class name="demo.sample">
        <test-method signature="practice()[pri:0, instance:demo.sample@77fbd92c]" started-at="2025-02-05T14:26:35 IST" name="practice" finished-at="2025-02-05T14:26:35 IST" duration-ms="148" status="PASS">
          <reporter-output>
          </reporter-output>
        </test-method> <!-- practice -->
      </class> <!-- demo.sample -->
    </test> <!-- Default test -->
  </suite> <!-- Default suite -->
</testng-results>
